[debug] [2021-07-24T09:07:17.693Z] ----------------------------------------------------------------------
[debug] [2021-07-24T09:07:17.695Z] Command:       C:\Program Files\nodejs\node.exe C:\Users\User\AppData\Roaming\npm\node_modules\firebase-tools\lib\bin\firebase.js deploy
[debug] [2021-07-24T09:07:17.695Z] CLI Version:   9.16.0
[debug] [2021-07-24T09:07:17.695Z] Platform:      win32
[debug] [2021-07-24T09:07:17.695Z] Node Version:  v16.3.0
[debug] [2021-07-24T09:07:17.696Z] Time:          Sat Jul 24 2021 14:37:17 GMT+0530 (India Standard Time)
[debug] [2021-07-24T09:07:17.696Z] ----------------------------------------------------------------------
[debug] 
[debug] [2021-07-24T09:07:17.746Z] > command requires scopes: ["email","openid","https://www.googleapis.com/auth/cloudplatformprojects.readonly","https://www.googleapis.com/auth/firebase","https://www.googleapis.com/auth/cloud-platform"]
[debug] [2021-07-24T09:07:17.746Z] > authorizing via signed-in user (s.abishiek27@gmail.com)
[debug] [2021-07-24T09:07:17.746Z] [iam] checking project infimovix for permissions ["firebase.projects.get","firebasehosting.sites.update"]
[debug] [2021-07-24T09:07:17.748Z] >>> HTTP REQUEST POST https://cloudresourcemanager.googleapis.com/v1/projects/infimovix:testIamPermissions  
 {"permissions":["firebase.projects.get","firebasehosting.sites.update"]}
[debug] [2021-07-24T09:07:19.664Z] <<< HTTP RESPONSE 200 {"content-type":"application/json; charset=UTF-8","vary":"X-Origin, Referer, Origin,Accept-Encoding","date":"Sat, 24 Jul 2021 09:07:19 GMT","server":"ESF","cache-control":"private","x-xss-protection":"0","x-frame-options":"SAMEORIGIN","x-content-type-options":"nosniff","server-timing":"gfet4t7; dur=1444","alt-svc":"h3=\":443\"; ma=2592000,h3-29=\":443\"; ma=2592000,h3-T051=\":443\"; ma=2592000,h3-Q050=\":443\"; ma=2592000,h3-Q046=\":443\"; ma=2592000,h3-Q043=\":443\"; ma=2592000,quic=\":443\"; ma=2592000; v=\"46,43\"","accept-ranges":"none","transfer-encoding":"chunked"}
[debug] [2021-07-24T09:07:19.671Z] > refreshing access token with scopes: []
[debug] [2021-07-24T09:07:19.671Z] >>> HTTP REQUEST POST https://www.googleapis.com/oauth2/v3/token  
 <request body omitted>
[debug] [2021-07-24T09:07:19.960Z] <<< HTTP RESPONSE 200 {"cache-control":"no-cache, no-store, max-age=0, must-revalidate","pragma":"no-cache","date":"Sat, 24 Jul 2021 09:07:19 GMT","expires":"Mon, 01 Jan 1990 00:00:00 GMT","content-type":"application/json; charset=utf-8","vary":"X-Origin, Referer, Origin,Accept-Encoding","server":"scaffolding on HTTPServer2","x-xss-protection":"0","x-frame-options":"SAMEORIGIN","x-content-type-options":"nosniff","alt-svc":"h3=\":443\"; ma=2592000,h3-29=\":443\"; ma=2592000,h3-T051=\":443\"; ma=2592000,h3-Q050=\":443\"; ma=2592000,h3-Q046=\":443\"; ma=2592000,h3-Q043=\":443\"; ma=2592000,quic=\":443\"; ma=2592000; v=\"46,43\"","accept-ranges":"none","transfer-encoding":"chunked"}
[debug] [2021-07-24T09:07:19.971Z] >>> [apiv2][query] GET https://firebase.googleapis.com/v1beta1/projects/infimovix [none]
[debug] [2021-07-24T09:07:20.479Z] <<< [apiv2][status] GET https://firebase.googleapis.com/v1beta1/projects/infimovix 200
[debug] [2021-07-24T09:07:20.479Z] <<< [apiv2][body] GET https://firebase.googleapis.com/v1beta1/projects/infimovix {"projectId":"infimovix","projectNumber":"1096391636853","displayName":"infimovix","name":"projects/infimovix","resources":{"hostingSite":"infimovix","storageBucket":"infimovix.appspot.com","locationId":"us-central"},"state":"ACTIVE"}
[info] 
[info] === Deploying to 'infimovix'...
[info] 
[info] i  deploying hosting 
[debug] [2021-07-24T09:07:20.484Z] > refreshing access token with scopes: ["email","https://www.googleapis.com/auth/cloud-platform","https://www.googleapis.com/auth/cloudplatformprojects.readonly","https://www.googleapis.com/auth/firebase","openid"]
[debug] [2021-07-24T09:07:20.484Z] >>> HTTP REQUEST POST https://www.googleapis.com/oauth2/v3/token  
 <request body omitted>
[debug] [2021-07-24T09:07:20.787Z] <<< HTTP RESPONSE 200 {"date":"Sat, 24 Jul 2021 09:07:20 GMT","expires":"Mon, 01 Jan 1990 00:00:00 GMT","cache-control":"no-cache, no-store, max-age=0, must-revalidate","pragma":"no-cache","content-type":"application/json; charset=utf-8","vary":"X-Origin, Referer, Origin,Accept-Encoding","server":"scaffolding on HTTPServer2","x-xss-protection":"0","x-frame-options":"SAMEORIGIN","x-content-type-options":"nosniff","alt-svc":"h3=\":443\"; ma=2592000,h3-29=\":443\"; ma=2592000,h3-T051=\":443\"; ma=2592000,h3-Q050=\":443\"; ma=2592000,h3-Q046=\":443\"; ma=2592000,h3-Q043=\":443\"; ma=2592000,quic=\":443\"; ma=2592000; v=\"46,43\"","accept-ranges":"none","transfer-encoding":"chunked"}
[debug] [2021-07-24T09:07:20.807Z] >>> HTTP REQUEST POST https://firebasehosting.googleapis.com/v1beta1/sites/infimovix/versions  
 {"config":{"rewrites":[{"glob":"**","path":"/index.html"}]},"labels":{"deployment-tool":"cli-firebase"}}
[debug] [2021-07-24T09:07:22.927Z] <<< HTTP RESPONSE 200 {"content-type":"application/json; charset=UTF-8","vary":"X-Origin, Referer, Origin,Accept-Encoding","date":"Sat, 24 Jul 2021 09:07:22 GMT","server":"ESF","cache-control":"private","x-xss-protection":"0","x-frame-options":"SAMEORIGIN","x-content-type-options":"nosniff","alt-svc":"h3=\":443\"; ma=2592000,h3-29=\":443\"; ma=2592000,h3-T051=\":443\"; ma=2592000,h3-Q050=\":443\"; ma=2592000,h3-Q046=\":443\"; ma=2592000,h3-Q043=\":443\"; ma=2592000,quic=\":443\"; ma=2592000; v=\"46,43\"","accept-ranges":"none","transfer-encoding":"chunked"}
[info] i  hosting[infimovix]: beginning deploy... 
[debug] [2021-07-24T09:07:23.189Z] Error: EPERM: operation not permitted, scandir 'H:/InfiMovix/infimovix/build/assets/videos/1564676296-national-geographic.mp4'
    at Object.readdirSync (node:fs:1380:3)
    at GlobSync._readdir (C:\Users\User\AppData\Roaming\npm\node_modules\firebase-tools\node_modules\glob\sync.js:286:41)
    at GlobSync._readdirInGlobStar (C:\Users\User\AppData\Roaming\npm\node_modules\firebase-tools\node_modules\glob\sync.js:243:17)
    at GlobSync._readdir (C:\Users\User\AppData\Roaming\npm\node_modules\firebase-tools\node_modules\glob\sync.js:274:17)
    at GlobSync._processReaddir (C:\Users\User\AppData\Roaming\npm\node_modules\firebase-tools\node_modules\glob\sync.js:135:22)
    at GlobSync._process (C:\Users\User\AppData\Roaming\npm\node_modules\firebase-tools\node_modules\glob\sync.js:130:10)
    at GlobSync._processGlobStar (C:\Users\User\AppData\Roaming\npm\node_modules\firebase-tools\node_modules\glob\sync.js:378:10)
    at GlobSync._process (C:\Users\User\AppData\Roaming\npm\node_modules\firebase-tools\node_modules\glob\sync.js:128:10)
    at GlobSync._processGlobStar (C:\Users\User\AppData\Roaming\npm\node_modules\firebase-tools\node_modules\glob\sync.js:381:10)
    at GlobSync._process (C:\Users\User\AppData\Roaming\npm\node_modules\firebase-tools\node_modules\glob\sync.js:128:10)
    at GlobSync._processGlobStar (C:\Users\User\AppData\Roaming\npm\node_modules\firebase-tools\node_modules\glob\sync.js:381:10)
    at GlobSync._process (C:\Users\User\AppData\Roaming\npm\node_modules\firebase-tools\node_modules\glob\sync.js:128:10)
    at new GlobSync (C:\Users\User\AppData\Roaming\npm\node_modules\firebase-tools\node_modules\glob\sync.js:46:10)
    at Function.globSync [as sync] (C:\Users\User\AppData\Roaming\npm\node_modules\firebase-tools\node_modules\glob\sync.js:24:10)
    at Object.listFiles (C:\Users\User\AppData\Roaming\npm\node_modules\firebase-tools\lib\listFiles.js:6:19)
    at runDeploys (C:\Users\User\AppData\Roaming\npm\node_modules\firebase-tools\lib\deploy\hosting\deploy.js:42:35)
[error] 
[error] Error: An unexpected error has occurred.
